2025-07-24 02:06:09 [ERROR]: uncaughtException: Twilio configuration missing
Error: Twilio configuration missing
    at file:///Users/chhayanshporwal/projects/teacher-recruitment-system-2/server/services/smsService.js:16:9
    at ModuleJob.run (node:internal/modules/esm/module_job:274:25)
    at async onImport.tracePromise.__proto__ (node:internal/modules/esm/loader:644:26)
    at async asyncRunEntryPointWithESMLoader (node:internal/modules/run_main:117:5)
2025-07-24 02:08:49 [ERROR]: uncaughtException: Twilio configuration missing
Error: Twilio configuration missing
    at file:///Users/chhayanshporwal/projects/teacher-recruitment-system-2/server/services/smsService.js:16:9
    at ModuleJob.run (node:internal/modules/esm/module_job:274:25)
    at async onImport.tracePromise.__proto__ (node:internal/modules/esm/loader:644:26)
    at async asyncRunEntryPointWithESMLoader (node:internal/modules/run_main:117:5)
2025-07-24 02:08:51 [ERROR]: uncaughtException: Twilio configuration missing
Error: Twilio configuration missing
    at file:///Users/chhayanshporwal/projects/teacher-recruitment-system-2/server/services/smsService.js:16:9
    at ModuleJob.run (node:internal/modules/esm/module_job:274:25)
    at async onImport.tracePromise.__proto__ (node:internal/modules/esm/loader:644:26)
    at async asyncRunEntryPointWithESMLoader (node:internal/modules/run_main:117:5)
2025-07-24 02:09:09 [ERROR]: uncaughtException: Twilio configuration missing
Error: Twilio configuration missing
    at file:///Users/chhayanshporwal/projects/teacher-recruitment-system-2/server/services/smsService.js:16:9
    at ModuleJob.run (node:internal/modules/esm/module_job:274:25)
    at async onImport.tracePromise.__proto__ (node:internal/modules/esm/loader:644:26)
    at async asyncRunEntryPointWithESMLoader (node:internal/modules/run_main:117:5)
